[0.020s] Invoking command in '/home/amirtha-varshiniy/amr_ws/src/my_robot_interfaces/build/my_robot_interfaces': CMAKE_PREFIX_PATH=${CMAKE_PREFIX_PATH}:/home/amirtha-varshiniy/amr_ws/install/turtle_controller:/home/amirtha-varshiniy/amr_ws/install/demo_pkg:/opt/ros/jazzy DEBUGINFOD_URLS=https://debuginfod.ubuntu.com /usr/bin/cmake /home/amirtha-varshiniy/amr_ws/src/my_robot_interfaces -DCMAKE_INSTALL_PREFIX=/home/amirtha-varshiniy/amr_ws/src/my_robot_interfaces/install/my_robot_interfaces
[0.111s] -- The C compiler identification is GNU 13.3.0
[0.181s] -- The CXX compiler identification is GNU 13.3.0
[0.208s] -- Detecting C compiler ABI info
[0.350s] -- Detecting C compiler ABI info - done
[0.360s] -- Check for working C compiler: /usr/bin/cc - skipped
[0.360s] -- Detecting C compile features
[0.361s] -- Detecting C compile features - done
[0.376s] -- Detecting CXX compiler ABI info
[0.598s] -- Detecting CXX compiler ABI info - done
[0.613s] -- Check for working CXX compiler: /usr/bin/c++ - skipped
[0.614s] -- Detecting CXX compile features
[0.617s] -- Detecting CXX compile features - done
[0.637s] -- Found ament_cmake: 2.5.6 (/opt/ros/jazzy/share/ament_cmake/cmake)
[0.800s] -- Found Python3: /usr/bin/python3 (found version "3.12.3") found components: Interpreter 
[0.919s] -- Found rosidl_default_generators: 1.6.0 (/opt/ros/jazzy/share/rosidl_default_generators/cmake)
[0.928s] -- Using all available rosidl_typesupport_c: rosidl_typesupport_fastrtps_c;rosidl_typesupport_introspection_c
[0.972s] -- Using all available rosidl_typesupport_cpp: rosidl_typesupport_fastrtps_cpp;rosidl_typesupport_introspection_cpp
[1.006s] -- Found rosidl_adapter: 4.6.7 (/opt/ros/jazzy/share/rosidl_adapter/cmake)
[1.016s] [31mCMake Error at /opt/ros/jazzy/share/rosidl_cmake/cmake/rosidl_generate_interfaces.cmake:95 (message):
[1.016s]   rosidl_generate_interfaces() the passed file 'src/ResetCounter.src' doesn't
[1.016s]   exist relative to the CMAKE_CURRENT_SOURCE_DIR
[1.016s]   '/home/amirtha-varshiniy/amr_ws/src/my_robot_interfaces'
[1.016s] Call Stack (most recent call first):
[1.017s]   CMakeLists.txt:11 (rosidl_generate_interfaces)
[1.017s] 
[1.017s] [0m
[1.017s] -- Configuring incomplete, errors occurred!
[1.032s] Invoked command in '/home/amirtha-varshiniy/amr_ws/src/my_robot_interfaces/build/my_robot_interfaces' returned '1': CMAKE_PREFIX_PATH=${CMAKE_PREFIX_PATH}:/home/amirtha-varshiniy/amr_ws/install/turtle_controller:/home/amirtha-varshiniy/amr_ws/install/demo_pkg:/opt/ros/jazzy DEBUGINFOD_URLS=https://debuginfod.ubuntu.com /usr/bin/cmake /home/amirtha-varshiniy/amr_ws/src/my_robot_interfaces -DCMAKE_INSTALL_PREFIX=/home/amirtha-varshiniy/amr_ws/src/my_robot_interfaces/install/my_robot_interfaces
